<?xml version="1.0" encoding="UTF-8"?>
<testsuite xmlns:xsi="http://www.w3.org/2001/XMLSchema-instance" xsi:noNamespaceSchemaLocation="https://maven.apache.org/surefire/maven-surefire-plugin/xsd/surefire-test-report-3.0.xsd" version="3.0" name="com.fft.optimized.FFTPerformanceBenchmarkTest$IndividualBenchmarks" time="56.349" tests="13" errors="0" skipped="0" failures="0">
  <properties>
    <property name="java.specification.version" value="17"/>
    <property name="sun.jnu.encoding" value="UTF-8"/>
    <property name="java.class.path" value="/home/engine/project/target/test-classes:/home/engine/project/target/classes:/home/engine/.m2/repository/org/junit/jupiter/junit-jupiter/5.9.2/junit-jupiter-5.9.2.jar:/home/engine/.m2/repository/org/junit/jupiter/junit-jupiter-api/5.9.2/junit-jupiter-api-5.9.2.jar:/home/engine/.m2/repository/org/opentest4j/opentest4j/1.2.0/opentest4j-1.2.0.jar:/home/engine/.m2/repository/org/junit/platform/junit-platform-commons/1.9.2/junit-platform-commons-1.9.2.jar:/home/engine/.m2/repository/org/apiguardian/apiguardian-api/1.1.2/apiguardian-api-1.1.2.jar:/home/engine/.m2/repository/org/junit/jupiter/junit-jupiter-params/5.9.2/junit-jupiter-params-5.9.2.jar:/home/engine/.m2/repository/org/junit/jupiter/junit-jupiter-engine/5.9.2/junit-jupiter-engine-5.9.2.jar:/home/engine/.m2/repository/org/junit/platform/junit-platform-engine/1.9.2/junit-platform-engine-1.9.2.jar:/home/engine/.m2/repository/org/assertj/assertj-core/3.24.2/assertj-core-3.24.2.jar:/home/engine/.m2/repository/net/bytebuddy/byte-buddy/1.12.21/byte-buddy-1.12.21.jar:/home/engine/.m2/repository/org/mockito/mockito-core/5.1.1/mockito-core-5.1.1.jar:/home/engine/.m2/repository/net/bytebuddy/byte-buddy-agent/1.12.22/byte-buddy-agent-1.12.22.jar:/home/engine/.m2/repository/org/objenesis/objenesis/3.3/objenesis-3.3.jar:/home/engine/.m2/repository/org/mockito/mockito-junit-jupiter/5.1.1/mockito-junit-jupiter-5.1.1.jar:"/>
    <property name="java.vm.vendor" value="Ubuntu"/>
    <property name="sun.arch.data.model" value="64"/>
    <property name="java.vendor.url" value="https://ubuntu.com/"/>
    <property name="user.timezone" value="Etc/UTC"/>
    <property name="os.name" value="Linux"/>
    <property name="java.vm.specification.version" value="17"/>
    <property name="sun.java.launcher" value="SUN_STANDARD"/>
    <property name="sun.boot.library.path" value="/usr/lib/jvm/java-17-openjdk-amd64/lib"/>
    <property name="sun.java.command" value="/home/engine/project/target/surefire/surefirebooter-20250531194110908_3.jar /home/engine/project/target/surefire 2025-05-31T19-41-10_676-jvmRun1 surefire-20250531194110908_1tmp surefire_0-20250531194110908_2tmp"/>
    <property name="jdk.debug" value="release"/>
    <property name="surefire.test.class.path" value="/home/engine/project/target/test-classes:/home/engine/project/target/classes:/home/engine/.m2/repository/org/junit/jupiter/junit-jupiter/5.9.2/junit-jupiter-5.9.2.jar:/home/engine/.m2/repository/org/junit/jupiter/junit-jupiter-api/5.9.2/junit-jupiter-api-5.9.2.jar:/home/engine/.m2/repository/org/opentest4j/opentest4j/1.2.0/opentest4j-1.2.0.jar:/home/engine/.m2/repository/org/junit/platform/junit-platform-commons/1.9.2/junit-platform-commons-1.9.2.jar:/home/engine/.m2/repository/org/apiguardian/apiguardian-api/1.1.2/apiguardian-api-1.1.2.jar:/home/engine/.m2/repository/org/junit/jupiter/junit-jupiter-params/5.9.2/junit-jupiter-params-5.9.2.jar:/home/engine/.m2/repository/org/junit/jupiter/junit-jupiter-engine/5.9.2/junit-jupiter-engine-5.9.2.jar:/home/engine/.m2/repository/org/junit/platform/junit-platform-engine/1.9.2/junit-platform-engine-1.9.2.jar:/home/engine/.m2/repository/org/assertj/assertj-core/3.24.2/assertj-core-3.24.2.jar:/home/engine/.m2/repository/net/bytebuddy/byte-buddy/1.12.21/byte-buddy-1.12.21.jar:/home/engine/.m2/repository/org/mockito/mockito-core/5.1.1/mockito-core-5.1.1.jar:/home/engine/.m2/repository/net/bytebuddy/byte-buddy-agent/1.12.22/byte-buddy-agent-1.12.22.jar:/home/engine/.m2/repository/org/objenesis/objenesis/3.3/objenesis-3.3.jar:/home/engine/.m2/repository/org/mockito/mockito-junit-jupiter/5.1.1/mockito-junit-jupiter-5.1.1.jar:"/>
    <property name="sun.cpu.endian" value="little"/>
    <property name="user.home" value="/home/engine"/>
    <property name="user.language" value="en"/>
    <property name="java.specification.vendor" value="Oracle Corporation"/>
    <property name="java.version.date" value="2025-04-15"/>
    <property name="java.home" value="/usr/lib/jvm/java-17-openjdk-amd64"/>
    <property name="file.separator" value="/"/>
    <property name="basedir" value="/home/engine/project"/>
    <property name="java.vm.compressedOopsMode" value="32-bit"/>
    <property name="line.separator" value="&#10;"/>
    <property name="java.vm.specification.vendor" value="Oracle Corporation"/>
    <property name="java.specification.name" value="Java Platform API Specification"/>
    <property name="surefire.real.class.path" value="/home/engine/project/target/surefire/surefirebooter-20250531194110908_3.jar"/>
    <property name="sun.management.compiler" value="HotSpot 64-Bit Tiered Compilers"/>
    <property name="java.runtime.version" value="17.0.15+6-Ubuntu-0ubuntu124.04"/>
    <property name="user.name" value="engine"/>
    <property name="path.separator" value=":"/>
    <property name="os.version" value="5.10.223"/>
    <property name="java.runtime.name" value="OpenJDK Runtime Environment"/>
    <property name="file.encoding" value="UTF-8"/>
    <property name="java.vm.name" value="OpenJDK 64-Bit Server VM"/>
    <property name="localRepository" value="/home/engine/.m2/repository"/>
    <property name="java.vendor.url.bug" value="https://bugs.launchpad.net/ubuntu/+source/openjdk-17"/>
    <property name="java.io.tmpdir" value="/tmp"/>
    <property name="java.version" value="17.0.15"/>
    <property name="user.dir" value="/home/engine/project"/>
    <property name="os.arch" value="amd64"/>
    <property name="java.vm.specification.name" value="Java Virtual Machine Specification"/>
    <property name="native.encoding" value="UTF-8"/>
    <property name="java.library.path" value="/usr/java/packages/lib:/usr/lib/x86_64-linux-gnu/jni:/lib/x86_64-linux-gnu:/usr/lib/x86_64-linux-gnu:/usr/lib/jni:/lib:/usr/lib"/>
    <property name="java.vm.info" value="mixed mode, sharing"/>
    <property name="java.vendor" value="Ubuntu"/>
    <property name="java.vm.version" value="17.0.15+6-Ubuntu-0ubuntu124.04"/>
    <property name="java.specification.maintenance.version" value="1"/>
    <property name="sun.io.unicode.encoding" value="UnicodeLittle"/>
    <property name="java.class.version" value="61.0"/>
  </properties>
  <testcase name="shouldBenchmarkFFTOptimized256Performance" classname="com.fft.optimized.FFTPerformanceBenchmarkTest$IndividualBenchmarks" time="0.058">
    <system-out><![CDATA[
FFT Size 256 Performance Results:
  Base Implementation:      41,769 ns
  Optimized Implementation: 59,427 ns
  Speedup:                  0.70x
  Efficiency:               -42.3%
  Note: Implementation likely using fallback (speedup=0.70x)
]]></system-out>
    <system-err><![CDATA[May 31, 2025 7:42:10 PM com.fft.factory.FFTImplementationDiscovery registerDiscoveredImplementations
INFO: Auto-registration completed for 13 implementations
]]></system-err>
  </testcase>
  <testcase name="shouldBenchmarkFFTOptimized4096Performance" classname="com.fft.optimized.FFTPerformanceBenchmarkTest$IndividualBenchmarks" time="1.19">
    <system-out><![CDATA[
FFT Size 4096 Performance Results:
  Base Implementation:      1,059,968 ns
  Optimized Implementation: 1,097,488 ns
  Speedup:                  0.97x
  Efficiency:               -3.5%
  Note: Implementation likely using fallback (speedup=0.97x)
]]></system-out>
    <system-err><![CDATA[May 31, 2025 7:42:10 PM com.fft.factory.FFTImplementationDiscovery registerDiscoveredImplementations
INFO: Auto-registration completed for 13 implementations
]]></system-err>
  </testcase>
  <testcase name="shouldBenchmarkFFTOptimized8192Performance" classname="com.fft.optimized.FFTPerformanceBenchmarkTest$IndividualBenchmarks" time="2.57">
    <system-out><![CDATA[
FFT Size 8192 Performance Results:
  Base Implementation:      2,285,888 ns
  Optimized Implementation: 2,366,742 ns
  Speedup:                  0.97x
  Efficiency:               -3.5%
  Note: Implementation likely using fallback (speedup=0.97x)
]]></system-out>
    <system-err><![CDATA[May 31, 2025 7:42:11 PM com.fft.factory.FFTImplementationDiscovery registerDiscoveredImplementations
INFO: Auto-registration completed for 13 implementations
]]></system-err>
  </testcase>
  <testcase name="shouldBenchmarkFFTOptimized128Performance" classname="com.fft.optimized.FFTPerformanceBenchmarkTest$IndividualBenchmarks" time="0.03">
    <system-out><![CDATA[
FFT Size 128 Performance Results:
  Base Implementation:      17,373 ns
  Optimized Implementation: 32,538 ns
  Speedup:                  0.53x
  Efficiency:               -87.3%
  Note: Implementation likely using fallback (speedup=0.53x)
]]></system-out>
    <system-err><![CDATA[May 31, 2025 7:42:14 PM com.fft.factory.FFTImplementationDiscovery registerDiscoveredImplementations
INFO: Auto-registration completed for 13 implementations
]]></system-err>
  </testcase>
  <testcase name="shouldBenchmarkFFTOptimized1024Performance" classname="com.fft.optimized.FFTPerformanceBenchmarkTest$IndividualBenchmarks" time="0.245">
    <system-out><![CDATA[
FFT Size 1024 Performance Results:
  Base Implementation:      211,248 ns
  Optimized Implementation: 227,225 ns
  Speedup:                  0.93x
  Efficiency:               -7.6%
  Note: Implementation likely using fallback (speedup=0.93x)
]]></system-out>
    <system-err><![CDATA[May 31, 2025 7:42:14 PM com.fft.factory.FFTImplementationDiscovery registerDiscoveredImplementations
INFO: Auto-registration completed for 13 implementations
]]></system-err>
  </testcase>
  <testcase name="shouldBenchmarkFFTOptimized64Performance" classname="com.fft.optimized.FFTPerformanceBenchmarkTest$IndividualBenchmarks" time="0.022">
    <system-out><![CDATA[
FFT Size 64 Performance Results:
  Base Implementation:      7,436 ns
  Optimized Implementation: 22,498 ns
  Speedup:                  0.33x
  Efficiency:               -202.6%
  Note: Implementation likely using fallback (speedup=0.33x)
]]></system-out>
    <system-err><![CDATA[May 31, 2025 7:42:14 PM com.fft.factory.FFTImplementationDiscovery registerDiscoveredImplementations
INFO: Auto-registration completed for 13 implementations
]]></system-err>
  </testcase>
  <testcase name="shouldBenchmarkFFTOptimized16384Performance" classname="com.fft.optimized.FFTPerformanceBenchmarkTest$IndividualBenchmarks" time="5.562">
    <system-out><![CDATA[
FFT Size 16384 Performance Results:
  Base Implementation:      5,001,472 ns
  Optimized Implementation: 5,101,585 ns
  Speedup:                  0.98x
  Efficiency:               -2.0%
  Note: Implementation likely using fallback (speedup=0.98x)
]]></system-out>
    <system-err><![CDATA[May 31, 2025 7:42:14 PM com.fft.factory.FFTImplementationDiscovery registerDiscoveredImplementations
INFO: Auto-registration completed for 13 implementations
]]></system-err>
  </testcase>
  <testcase name="shouldBenchmarkFFTOptimized8Performance" classname="com.fft.optimized.FFTPerformanceBenchmarkTest$IndividualBenchmarks" time="0.005">
    <system-out><![CDATA[
FFT Size 8 Performance Results:
  Base Implementation:      453 ns
  Optimized Implementation: 145 ns
  Speedup:                  3.12x
  Efficiency:               67.9%
]]></system-out>
    <system-err><![CDATA[May 31, 2025 7:42:20 PM com.fft.factory.FFTImplementationDiscovery registerDiscoveredImplementations
INFO: Auto-registration completed for 13 implementations
]]></system-err>
  </testcase>
  <testcase name="shouldBenchmarkFFTOptimized32Performance" classname="com.fft.optimized.FFTPerformanceBenchmarkTest$IndividualBenchmarks" time="0.014">
    <system-out><![CDATA[
FFT Size 32 Performance Results:
  Base Implementation:      3,138 ns
  Optimized Implementation: 17,759 ns
  Speedup:                  0.18x
  Efficiency:               -466.0%
  Note: Implementation likely using fallback (speedup=0.18x)
]]></system-out>
    <system-err><![CDATA[May 31, 2025 7:42:20 PM com.fft.factory.FFTImplementationDiscovery registerDiscoveredImplementations
INFO: Auto-registration completed for 13 implementations
]]></system-err>
  </testcase>
  <testcase name="shouldBenchmarkFFTOptimized512Performance" classname="com.fft.optimized.FFTPerformanceBenchmarkTest$IndividualBenchmarks" time="0.111">
    <system-out><![CDATA[
FFT Size 512 Performance Results:
  Base Implementation:      91,983 ns
  Optimized Implementation: 105,799 ns
  Speedup:                  0.87x
  Efficiency:               -15.0%
  Note: Implementation likely using fallback (speedup=0.87x)
]]></system-out>
    <system-err><![CDATA[May 31, 2025 7:42:20 PM com.fft.factory.FFTImplementationDiscovery registerDiscoveredImplementations
INFO: Auto-registration completed for 13 implementations
]]></system-err>
  </testcase>
  <testcase name="shouldBenchmarkFFTOptimized2048Performance" classname="com.fft.optimized.FFTPerformanceBenchmarkTest$IndividualBenchmarks" time="0.535">
    <system-out><![CDATA[
FFT Size 2048 Performance Results:
  Base Implementation:      472,567 ns
  Optimized Implementation: 495,456 ns
  Speedup:                  0.95x
  Efficiency:               -4.8%
  Note: Implementation likely using fallback (speedup=0.95x)
]]></system-out>
    <system-err><![CDATA[May 31, 2025 7:42:20 PM com.fft.factory.FFTImplementationDiscovery registerDiscoveredImplementations
INFO: Auto-registration completed for 13 implementations
]]></system-err>
  </testcase>
  <testcase name="shouldBenchmarkFFTOptimized32768Performance" classname="com.fft.optimized.FFTPerformanceBenchmarkTest$IndividualBenchmarks" time="13.283">
    <system-out><![CDATA[
FFT Size 32768 Performance Results:
  Base Implementation:      10,911,292 ns
  Optimized Implementation: 13,219,017 ns
  Speedup:                  0.83x
  Efficiency:               -21.1%
  Note: Implementation likely using fallback (speedup=0.83x)
]]></system-out>
    <system-err><![CDATA[May 31, 2025 7:42:20 PM com.fft.factory.FFTImplementationDiscovery registerDiscoveredImplementations
INFO: Auto-registration completed for 13 implementations
]]></system-err>
  </testcase>
  <testcase name="shouldBenchmarkFFTOptimized65536Performance" classname="com.fft.optimized.FFTPerformanceBenchmarkTest$IndividualBenchmarks" time="32.696">
    <system-out><![CDATA[
FFT Size 65536 Performance Results:
  Base Implementation:      23,876,420 ns
  Optimized Implementation: 35,510,823 ns
  Speedup:                  0.67x
  Efficiency:               -48.7%
  Note: Implementation likely using fallback (speedup=0.67x)
]]></system-out>
    <system-err><![CDATA[May 31, 2025 7:42:34 PM com.fft.factory.FFTImplementationDiscovery registerDiscoveredImplementations
INFO: Auto-registration completed for 13 implementations
]]></system-err>
  </testcase>
</testsuite>