<?xml version="1.0" encoding="UTF-8"?>
<testsuite xmlns:xsi="http://www.w3.org/2001/XMLSchema-instance" xsi:noNamespaceSchemaLocation="https://maven.apache.org/surefire/maven-surefire-plugin/xsd/surefire-test-report-3.0.xsd" version="3.0" name="com.fft.optimized.FFTPerformanceBenchmarkTest$IndividualBenchmarks" time="56.54" tests="13" errors="0" skipped="0" failures="0">
  <properties>
    <property name="java.specification.version" value="17"/>
    <property name="sun.jnu.encoding" value="UTF-8"/>
    <property name="java.class.path" value="/home/engine/project/target/test-classes:/home/engine/project/target/classes:/home/engine/.m2/repository/org/junit/jupiter/junit-jupiter/5.9.2/junit-jupiter-5.9.2.jar:/home/engine/.m2/repository/org/junit/jupiter/junit-jupiter-api/5.9.2/junit-jupiter-api-5.9.2.jar:/home/engine/.m2/repository/org/opentest4j/opentest4j/1.2.0/opentest4j-1.2.0.jar:/home/engine/.m2/repository/org/junit/platform/junit-platform-commons/1.9.2/junit-platform-commons-1.9.2.jar:/home/engine/.m2/repository/org/apiguardian/apiguardian-api/1.1.2/apiguardian-api-1.1.2.jar:/home/engine/.m2/repository/org/junit/jupiter/junit-jupiter-params/5.9.2/junit-jupiter-params-5.9.2.jar:/home/engine/.m2/repository/org/junit/jupiter/junit-jupiter-engine/5.9.2/junit-jupiter-engine-5.9.2.jar:/home/engine/.m2/repository/org/junit/platform/junit-platform-engine/1.9.2/junit-platform-engine-1.9.2.jar:/home/engine/.m2/repository/org/assertj/assertj-core/3.24.2/assertj-core-3.24.2.jar:/home/engine/.m2/repository/net/bytebuddy/byte-buddy/1.12.21/byte-buddy-1.12.21.jar:/home/engine/.m2/repository/org/mockito/mockito-core/5.1.1/mockito-core-5.1.1.jar:/home/engine/.m2/repository/net/bytebuddy/byte-buddy-agent/1.12.22/byte-buddy-agent-1.12.22.jar:/home/engine/.m2/repository/org/objenesis/objenesis/3.3/objenesis-3.3.jar:/home/engine/.m2/repository/org/mockito/mockito-junit-jupiter/5.1.1/mockito-junit-jupiter-5.1.1.jar:"/>
    <property name="java.vm.vendor" value="Ubuntu"/>
    <property name="sun.arch.data.model" value="64"/>
    <property name="java.vendor.url" value="https://ubuntu.com/"/>
    <property name="user.timezone" value="Etc/UTC"/>
    <property name="os.name" value="Linux"/>
    <property name="java.vm.specification.version" value="17"/>
    <property name="sun.java.launcher" value="SUN_STANDARD"/>
    <property name="sun.boot.library.path" value="/usr/lib/jvm/java-17-openjdk-amd64/lib"/>
    <property name="sun.java.command" value="/home/engine/project/target/surefire/surefirebooter-20250601213557953_3.jar /home/engine/project/target/surefire 2025-06-01T21-35-57_758-jvmRun1 surefire-20250601213557953_1tmp surefire_0-20250601213557953_2tmp"/>
    <property name="jdk.debug" value="release"/>
    <property name="surefire.test.class.path" value="/home/engine/project/target/test-classes:/home/engine/project/target/classes:/home/engine/.m2/repository/org/junit/jupiter/junit-jupiter/5.9.2/junit-jupiter-5.9.2.jar:/home/engine/.m2/repository/org/junit/jupiter/junit-jupiter-api/5.9.2/junit-jupiter-api-5.9.2.jar:/home/engine/.m2/repository/org/opentest4j/opentest4j/1.2.0/opentest4j-1.2.0.jar:/home/engine/.m2/repository/org/junit/platform/junit-platform-commons/1.9.2/junit-platform-commons-1.9.2.jar:/home/engine/.m2/repository/org/apiguardian/apiguardian-api/1.1.2/apiguardian-api-1.1.2.jar:/home/engine/.m2/repository/org/junit/jupiter/junit-jupiter-params/5.9.2/junit-jupiter-params-5.9.2.jar:/home/engine/.m2/repository/org/junit/jupiter/junit-jupiter-engine/5.9.2/junit-jupiter-engine-5.9.2.jar:/home/engine/.m2/repository/org/junit/platform/junit-platform-engine/1.9.2/junit-platform-engine-1.9.2.jar:/home/engine/.m2/repository/org/assertj/assertj-core/3.24.2/assertj-core-3.24.2.jar:/home/engine/.m2/repository/net/bytebuddy/byte-buddy/1.12.21/byte-buddy-1.12.21.jar:/home/engine/.m2/repository/org/mockito/mockito-core/5.1.1/mockito-core-5.1.1.jar:/home/engine/.m2/repository/net/bytebuddy/byte-buddy-agent/1.12.22/byte-buddy-agent-1.12.22.jar:/home/engine/.m2/repository/org/objenesis/objenesis/3.3/objenesis-3.3.jar:/home/engine/.m2/repository/org/mockito/mockito-junit-jupiter/5.1.1/mockito-junit-jupiter-5.1.1.jar:"/>
    <property name="sun.cpu.endian" value="little"/>
    <property name="user.home" value="/home/engine"/>
    <property name="user.language" value="en"/>
    <property name="java.specification.vendor" value="Oracle Corporation"/>
    <property name="java.version.date" value="2025-04-15"/>
    <property name="java.home" value="/usr/lib/jvm/java-17-openjdk-amd64"/>
    <property name="file.separator" value="/"/>
    <property name="basedir" value="/home/engine/project"/>
    <property name="java.vm.compressedOopsMode" value="32-bit"/>
    <property name="line.separator" value="&#10;"/>
    <property name="java.vm.specification.vendor" value="Oracle Corporation"/>
    <property name="java.specification.name" value="Java Platform API Specification"/>
    <property name="surefire.real.class.path" value="/home/engine/project/target/surefire/surefirebooter-20250601213557953_3.jar"/>
    <property name="sun.management.compiler" value="HotSpot 64-Bit Tiered Compilers"/>
    <property name="java.runtime.version" value="17.0.15+6-Ubuntu-0ubuntu124.04"/>
    <property name="user.name" value="engine"/>
    <property name="path.separator" value=":"/>
    <property name="os.version" value="5.10.223"/>
    <property name="java.runtime.name" value="OpenJDK Runtime Environment"/>
    <property name="file.encoding" value="UTF-8"/>
    <property name="java.vm.name" value="OpenJDK 64-Bit Server VM"/>
    <property name="localRepository" value="/home/engine/.m2/repository"/>
    <property name="java.vendor.url.bug" value="https://bugs.launchpad.net/ubuntu/+source/openjdk-17"/>
    <property name="java.io.tmpdir" value="/tmp"/>
    <property name="java.version" value="17.0.15"/>
    <property name="user.dir" value="/home/engine/project"/>
    <property name="os.arch" value="amd64"/>
    <property name="java.vm.specification.name" value="Java Virtual Machine Specification"/>
    <property name="native.encoding" value="UTF-8"/>
    <property name="java.library.path" value="/usr/java/packages/lib:/usr/lib/x86_64-linux-gnu/jni:/lib/x86_64-linux-gnu:/usr/lib/x86_64-linux-gnu:/usr/lib/jni:/lib:/usr/lib"/>
    <property name="java.vm.info" value="mixed mode, sharing"/>
    <property name="java.vendor" value="Ubuntu"/>
    <property name="java.vm.version" value="17.0.15+6-Ubuntu-0ubuntu124.04"/>
    <property name="java.specification.maintenance.version" value="1"/>
    <property name="sun.io.unicode.encoding" value="UnicodeLittle"/>
    <property name="java.class.version" value="61.0"/>
  </properties>
  <testcase name="shouldBenchmarkFFTOptimized256Performance" classname="com.fft.optimized.FFTPerformanceBenchmarkTest$IndividualBenchmarks" time="0.065">
    <system-out><![CDATA[
FFT Size 256 Performance Results:
  Base Implementation:      46,465 ns
  Optimized Implementation: 64,348 ns
  Speedup:                  0.72x
  Efficiency:               -38.5%
  Note: Implementation likely using fallback (speedup=0.72x)
]]></system-out>
    <system-err><![CDATA[Jun 01, 2025 9:36:59 PM com.fft.factory.FFTImplementationDiscovery registerDiscoveredImplementations
INFO: Auto-registration completed for 13 implementations
]]></system-err>
  </testcase>
  <testcase name="shouldBenchmarkFFTOptimized4096Performance" classname="com.fft.optimized.FFTPerformanceBenchmarkTest$IndividualBenchmarks" time="1.198">
    <system-out><![CDATA[
FFT Size 4096 Performance Results:
  Base Implementation:      1,059,501 ns
  Optimized Implementation: 1,105,424 ns
  Speedup:                  0.96x
  Efficiency:               -4.3%
  Note: Implementation likely using fallback (speedup=0.96x)
]]></system-out>
    <system-err><![CDATA[Jun 01, 2025 9:36:59 PM com.fft.factory.FFTImplementationDiscovery registerDiscoveredImplementations
INFO: Auto-registration completed for 13 implementations
]]></system-err>
  </testcase>
  <testcase name="shouldBenchmarkFFTOptimized8192Performance" classname="com.fft.optimized.FFTPerformanceBenchmarkTest$IndividualBenchmarks" time="2.579">
    <system-out><![CDATA[
FFT Size 8192 Performance Results:
  Base Implementation:      2,302,979 ns
  Optimized Implementation: 2,367,792 ns
  Speedup:                  0.97x
  Efficiency:               -2.8%
  Note: Implementation likely using fallback (speedup=0.97x)
]]></system-out>
    <system-err><![CDATA[Jun 01, 2025 9:37:00 PM com.fft.factory.FFTImplementationDiscovery registerDiscoveredImplementations
INFO: Auto-registration completed for 13 implementations
]]></system-err>
  </testcase>
  <testcase name="shouldBenchmarkFFTOptimized128Performance" classname="com.fft.optimized.FFTPerformanceBenchmarkTest$IndividualBenchmarks" time="0.031">
    <system-out><![CDATA[
FFT Size 128 Performance Results:
  Base Implementation:      17,484 ns
  Optimized Implementation: 35,323 ns
  Speedup:                  0.49x
  Efficiency:               -102.0%
  Note: Implementation likely using fallback (speedup=0.49x)
]]></system-out>
    <system-err><![CDATA[Jun 01, 2025 9:37:03 PM com.fft.factory.FFTImplementationDiscovery registerDiscoveredImplementations
INFO: Auto-registration completed for 13 implementations
]]></system-err>
  </testcase>
  <testcase name="shouldBenchmarkFFTOptimized1024Performance" classname="com.fft.optimized.FFTPerformanceBenchmarkTest$IndividualBenchmarks" time="0.242">
    <system-out><![CDATA[
FFT Size 1024 Performance Results:
  Base Implementation:      208,124 ns
  Optimized Implementation: 225,753 ns
  Speedup:                  0.92x
  Efficiency:               -8.5%
  Note: Implementation likely using fallback (speedup=0.92x)
]]></system-out>
    <system-err><![CDATA[Jun 01, 2025 9:37:03 PM com.fft.factory.FFTImplementationDiscovery registerDiscoveredImplementations
INFO: Auto-registration completed for 13 implementations
]]></system-err>
  </testcase>
  <testcase name="shouldBenchmarkFFTOptimized64Performance" classname="com.fft.optimized.FFTPerformanceBenchmarkTest$IndividualBenchmarks" time="0.01">
    <system-out><![CDATA[
FFT Size 64 Performance Results:
  Base Implementation:      7,284 ns
  Optimized Implementation: 7,162 ns
  Speedup:                  1.02x
  Efficiency:               1.7%
  Note: Implementation likely using fallback (speedup=1.02x)
]]></system-out>
    <system-err><![CDATA[Jun 01, 2025 9:37:03 PM com.fft.factory.FFTImplementationDiscovery registerDiscoveredImplementations
INFO: Auto-registration completed for 13 implementations
]]></system-err>
  </testcase>
  <testcase name="shouldBenchmarkFFTOptimized16384Performance" classname="com.fft.optimized.FFTPerformanceBenchmarkTest$IndividualBenchmarks" time="5.582">
    <system-out><![CDATA[
FFT Size 16384 Performance Results:
  Base Implementation:      5,034,814 ns
  Optimized Implementation: 5,109,406 ns
  Speedup:                  0.99x
  Efficiency:               -1.5%
  Note: Implementation likely using fallback (speedup=0.99x)
]]></system-out>
    <system-err><![CDATA[Jun 01, 2025 9:37:03 PM com.fft.factory.FFTImplementationDiscovery registerDiscoveredImplementations
INFO: Auto-registration completed for 13 implementations
]]></system-err>
  </testcase>
  <testcase name="shouldBenchmarkFFTOptimized8Performance" classname="com.fft.optimized.FFTPerformanceBenchmarkTest$IndividualBenchmarks" time="0.001">
    <system-out><![CDATA[
FFT Size 8 Performance Results:
  Base Implementation:      466 ns
  Optimized Implementation: 82 ns
  Speedup:                  5.72x
  Efficiency:               82.5%
]]></system-out>
    <system-err><![CDATA[Jun 01, 2025 9:37:09 PM com.fft.factory.FFTImplementationDiscovery registerDiscoveredImplementations
INFO: Auto-registration completed for 13 implementations
]]></system-err>
  </testcase>
  <testcase name="shouldBenchmarkFFTOptimized32Performance" classname="com.fft.optimized.FFTPerformanceBenchmarkTest$IndividualBenchmarks" time="0.004">
    <system-out><![CDATA[
FFT Size 32 Performance Results:
  Base Implementation:      2,890 ns
  Optimized Implementation: 3,212 ns
  Speedup:                  0.90x
  Efficiency:               -11.2%
  Note: Implementation likely using fallback (speedup=0.90x)
]]></system-out>
    <system-err><![CDATA[Jun 01, 2025 9:37:09 PM com.fft.factory.FFTImplementationDiscovery registerDiscoveredImplementations
INFO: Auto-registration completed for 13 implementations
]]></system-err>
  </testcase>
  <testcase name="shouldBenchmarkFFTOptimized512Performance" classname="com.fft.optimized.FFTPerformanceBenchmarkTest$IndividualBenchmarks" time="0.115">
    <system-out><![CDATA[
FFT Size 512 Performance Results:
  Base Implementation:      95,797 ns
  Optimized Implementation: 112,358 ns
  Speedup:                  0.85x
  Efficiency:               -17.3%
  Note: Implementation likely using fallback (speedup=0.85x)
]]></system-out>
    <system-err><![CDATA[Jun 01, 2025 9:37:09 PM com.fft.factory.FFTImplementationDiscovery registerDiscoveredImplementations
INFO: Auto-registration completed for 13 implementations
]]></system-err>
  </testcase>
  <testcase name="shouldBenchmarkFFTOptimized2048Performance" classname="com.fft.optimized.FFTPerformanceBenchmarkTest$IndividualBenchmarks" time="0.534">
    <system-out><![CDATA[
FFT Size 2048 Performance Results:
  Base Implementation:      474,208 ns
  Optimized Implementation: 490,489 ns
  Speedup:                  0.97x
  Efficiency:               -3.4%
  Note: Implementation likely using fallback (speedup=0.97x)
]]></system-out>
    <system-err><![CDATA[Jun 01, 2025 9:37:09 PM com.fft.factory.FFTImplementationDiscovery registerDiscoveredImplementations
INFO: Auto-registration completed for 13 implementations
]]></system-err>
  </testcase>
  <testcase name="shouldBenchmarkFFTOptimized32768Performance" classname="com.fft.optimized.FFTPerformanceBenchmarkTest$IndividualBenchmarks" time="13.289">
    <system-out><![CDATA[
FFT Size 32768 Performance Results:
  Base Implementation:      10,932,984 ns
  Optimized Implementation: 13,204,640 ns
  Speedup:                  0.83x
  Efficiency:               -20.8%
  Note: Implementation likely using fallback (speedup=0.83x)
]]></system-out>
    <system-err><![CDATA[Jun 01, 2025 9:37:09 PM com.fft.factory.FFTImplementationDiscovery registerDiscoveredImplementations
INFO: Auto-registration completed for 13 implementations
]]></system-err>
  </testcase>
  <testcase name="shouldBenchmarkFFTOptimized65536Performance" classname="com.fft.optimized.FFTPerformanceBenchmarkTest$IndividualBenchmarks" time="32.865">
    <system-out><![CDATA[
FFT Size 65536 Performance Results:
  Base Implementation:      24,158,545 ns
  Optimized Implementation: 35,568,545 ns
  Speedup:                  0.68x
  Efficiency:               -47.2%
  Note: Implementation likely using fallback (speedup=0.68x)
]]></system-out>
    <system-err><![CDATA[Jun 01, 2025 9:37:22 PM com.fft.factory.FFTImplementationDiscovery registerDiscoveredImplementations
INFO: Auto-registration completed for 13 implementations
]]></system-err>
  </testcase>
</testsuite>