<?xml version="1.0" encoding="UTF-8"?>
<testsuite xmlns:xsi="http://www.w3.org/2001/XMLSchema-instance" xsi:noNamespaceSchemaLocation="https://maven.apache.org/surefire/maven-surefire-plugin/xsd/surefire-test-report-3.0.xsd" version="3.0" name="com.fft.optimized.FFTPerformanceBenchmarkTest$IndividualBenchmarks" time="56.165" tests="13" errors="0" skipped="0" failures="0">
  <properties>
    <property name="java.specification.version" value="17"/>
    <property name="sun.jnu.encoding" value="UTF-8"/>
    <property name="java.class.path" value="/home/engine/project/target/test-classes:/home/engine/project/target/classes:/home/engine/.m2/repository/org/junit/jupiter/junit-jupiter/5.9.2/junit-jupiter-5.9.2.jar:/home/engine/.m2/repository/org/junit/jupiter/junit-jupiter-api/5.9.2/junit-jupiter-api-5.9.2.jar:/home/engine/.m2/repository/org/opentest4j/opentest4j/1.2.0/opentest4j-1.2.0.jar:/home/engine/.m2/repository/org/junit/platform/junit-platform-commons/1.9.2/junit-platform-commons-1.9.2.jar:/home/engine/.m2/repository/org/apiguardian/apiguardian-api/1.1.2/apiguardian-api-1.1.2.jar:/home/engine/.m2/repository/org/junit/jupiter/junit-jupiter-params/5.9.2/junit-jupiter-params-5.9.2.jar:/home/engine/.m2/repository/org/junit/jupiter/junit-jupiter-engine/5.9.2/junit-jupiter-engine-5.9.2.jar:/home/engine/.m2/repository/org/junit/platform/junit-platform-engine/1.9.2/junit-platform-engine-1.9.2.jar:/home/engine/.m2/repository/org/assertj/assertj-core/3.24.2/assertj-core-3.24.2.jar:/home/engine/.m2/repository/net/bytebuddy/byte-buddy/1.12.21/byte-buddy-1.12.21.jar:/home/engine/.m2/repository/org/mockito/mockito-core/5.1.1/mockito-core-5.1.1.jar:/home/engine/.m2/repository/net/bytebuddy/byte-buddy-agent/1.12.22/byte-buddy-agent-1.12.22.jar:/home/engine/.m2/repository/org/objenesis/objenesis/3.3/objenesis-3.3.jar:/home/engine/.m2/repository/org/mockito/mockito-junit-jupiter/5.1.1/mockito-junit-jupiter-5.1.1.jar:"/>
    <property name="java.vm.vendor" value="Ubuntu"/>
    <property name="sun.arch.data.model" value="64"/>
    <property name="java.vendor.url" value="https://ubuntu.com/"/>
    <property name="user.timezone" value="Etc/UTC"/>
    <property name="os.name" value="Linux"/>
    <property name="java.vm.specification.version" value="17"/>
    <property name="sun.java.launcher" value="SUN_STANDARD"/>
    <property name="sun.boot.library.path" value="/usr/lib/jvm/java-17-openjdk-amd64/lib"/>
    <property name="sun.java.command" value="/home/engine/project/target/surefire/surefirebooter-20250601220522987_3.jar /home/engine/project/target/surefire 2025-06-01T22-05-22_818-jvmRun1 surefire-20250601220522987_1tmp surefire_0-20250601220522987_2tmp"/>
    <property name="jdk.debug" value="release"/>
    <property name="surefire.test.class.path" value="/home/engine/project/target/test-classes:/home/engine/project/target/classes:/home/engine/.m2/repository/org/junit/jupiter/junit-jupiter/5.9.2/junit-jupiter-5.9.2.jar:/home/engine/.m2/repository/org/junit/jupiter/junit-jupiter-api/5.9.2/junit-jupiter-api-5.9.2.jar:/home/engine/.m2/repository/org/opentest4j/opentest4j/1.2.0/opentest4j-1.2.0.jar:/home/engine/.m2/repository/org/junit/platform/junit-platform-commons/1.9.2/junit-platform-commons-1.9.2.jar:/home/engine/.m2/repository/org/apiguardian/apiguardian-api/1.1.2/apiguardian-api-1.1.2.jar:/home/engine/.m2/repository/org/junit/jupiter/junit-jupiter-params/5.9.2/junit-jupiter-params-5.9.2.jar:/home/engine/.m2/repository/org/junit/jupiter/junit-jupiter-engine/5.9.2/junit-jupiter-engine-5.9.2.jar:/home/engine/.m2/repository/org/junit/platform/junit-platform-engine/1.9.2/junit-platform-engine-1.9.2.jar:/home/engine/.m2/repository/org/assertj/assertj-core/3.24.2/assertj-core-3.24.2.jar:/home/engine/.m2/repository/net/bytebuddy/byte-buddy/1.12.21/byte-buddy-1.12.21.jar:/home/engine/.m2/repository/org/mockito/mockito-core/5.1.1/mockito-core-5.1.1.jar:/home/engine/.m2/repository/net/bytebuddy/byte-buddy-agent/1.12.22/byte-buddy-agent-1.12.22.jar:/home/engine/.m2/repository/org/objenesis/objenesis/3.3/objenesis-3.3.jar:/home/engine/.m2/repository/org/mockito/mockito-junit-jupiter/5.1.1/mockito-junit-jupiter-5.1.1.jar:"/>
    <property name="sun.cpu.endian" value="little"/>
    <property name="user.home" value="/home/engine"/>
    <property name="user.language" value="en"/>
    <property name="java.specification.vendor" value="Oracle Corporation"/>
    <property name="java.version.date" value="2025-04-15"/>
    <property name="java.home" value="/usr/lib/jvm/java-17-openjdk-amd64"/>
    <property name="file.separator" value="/"/>
    <property name="basedir" value="/home/engine/project"/>
    <property name="java.vm.compressedOopsMode" value="32-bit"/>
    <property name="line.separator" value="&#10;"/>
    <property name="java.vm.specification.vendor" value="Oracle Corporation"/>
    <property name="java.specification.name" value="Java Platform API Specification"/>
    <property name="surefire.real.class.path" value="/home/engine/project/target/surefire/surefirebooter-20250601220522987_3.jar"/>
    <property name="sun.management.compiler" value="HotSpot 64-Bit Tiered Compilers"/>
    <property name="java.runtime.version" value="17.0.15+6-Ubuntu-0ubuntu124.04"/>
    <property name="user.name" value="engine"/>
    <property name="path.separator" value=":"/>
    <property name="os.version" value="5.10.223"/>
    <property name="java.runtime.name" value="OpenJDK Runtime Environment"/>
    <property name="file.encoding" value="UTF-8"/>
    <property name="java.vm.name" value="OpenJDK 64-Bit Server VM"/>
    <property name="localRepository" value="/home/engine/.m2/repository"/>
    <property name="java.vendor.url.bug" value="https://bugs.launchpad.net/ubuntu/+source/openjdk-17"/>
    <property name="java.io.tmpdir" value="/tmp"/>
    <property name="java.version" value="17.0.15"/>
    <property name="user.dir" value="/home/engine/project"/>
    <property name="os.arch" value="amd64"/>
    <property name="java.vm.specification.name" value="Java Virtual Machine Specification"/>
    <property name="native.encoding" value="UTF-8"/>
    <property name="java.library.path" value="/usr/java/packages/lib:/usr/lib/x86_64-linux-gnu/jni:/lib/x86_64-linux-gnu:/usr/lib/x86_64-linux-gnu:/usr/lib/jni:/lib:/usr/lib"/>
    <property name="java.vm.info" value="mixed mode, sharing"/>
    <property name="java.vendor" value="Ubuntu"/>
    <property name="java.vm.version" value="17.0.15+6-Ubuntu-0ubuntu124.04"/>
    <property name="java.specification.maintenance.version" value="1"/>
    <property name="sun.io.unicode.encoding" value="UnicodeLittle"/>
    <property name="java.class.version" value="61.0"/>
  </properties>
  <testcase name="shouldBenchmarkFFTOptimized256Performance" classname="com.fft.optimized.FFTPerformanceBenchmarkTest$IndividualBenchmarks" time="0.057">
    <system-out><![CDATA[
FFT Size 256 Performance Results:
  Base Implementation:      39,275 ns
  Optimized Implementation: 56,884 ns
  Speedup:                  0.69x
  Efficiency:               -44.8%
  Note: Implementation likely using fallback (speedup=0.69x)
]]></system-out>
    <system-err><![CDATA[Jun 01, 2025 10:06:22 PM com.fft.factory.FFTImplementationDiscovery registerDiscoveredImplementations
INFO: Auto-registration completed for 13 implementations
]]></system-err>
  </testcase>
  <testcase name="shouldBenchmarkFFTOptimized4096Performance" classname="com.fft.optimized.FFTPerformanceBenchmarkTest$IndividualBenchmarks" time="1.181">
    <system-out><![CDATA[
FFT Size 4096 Performance Results:
  Base Implementation:      1,047,448 ns
  Optimized Implementation: 1,093,288 ns
  Speedup:                  0.96x
  Efficiency:               -4.4%
  Note: Implementation likely using fallback (speedup=0.96x)
]]></system-out>
    <system-err><![CDATA[Jun 01, 2025 10:06:22 PM com.fft.factory.FFTImplementationDiscovery registerDiscoveredImplementations
INFO: Auto-registration completed for 13 implementations
]]></system-err>
  </testcase>
  <testcase name="shouldBenchmarkFFTOptimized8192Performance" classname="com.fft.optimized.FFTPerformanceBenchmarkTest$IndividualBenchmarks" time="2.549">
    <system-out><![CDATA[
FFT Size 8192 Performance Results:
  Base Implementation:      2,276,754 ns
  Optimized Implementation: 2,348,944 ns
  Speedup:                  0.97x
  Efficiency:               -3.2%
  Note: Implementation likely using fallback (speedup=0.97x)
]]></system-out>
    <system-err><![CDATA[Jun 01, 2025 10:06:23 PM com.fft.factory.FFTImplementationDiscovery registerDiscoveredImplementations
INFO: Auto-registration completed for 13 implementations
]]></system-err>
  </testcase>
  <testcase name="shouldBenchmarkFFTOptimized128Performance" classname="com.fft.optimized.FFTPerformanceBenchmarkTest$IndividualBenchmarks" time="0.028">
    <system-out><![CDATA[
FFT Size 128 Performance Results:
  Base Implementation:      16,768 ns
  Optimized Implementation: 31,818 ns
  Speedup:                  0.53x
  Efficiency:               -89.8%
  Note: Implementation likely using fallback (speedup=0.53x)
]]></system-out>
    <system-err><![CDATA[Jun 01, 2025 10:06:26 PM com.fft.factory.FFTImplementationDiscovery registerDiscoveredImplementations
INFO: Auto-registration completed for 13 implementations
]]></system-err>
  </testcase>
  <testcase name="shouldBenchmarkFFTOptimized1024Performance" classname="com.fft.optimized.FFTPerformanceBenchmarkTest$IndividualBenchmarks" time="0.235">
    <system-out><![CDATA[
FFT Size 1024 Performance Results:
  Base Implementation:      201,895 ns
  Optimized Implementation: 223,302 ns
  Speedup:                  0.90x
  Efficiency:               -10.6%
  Note: Implementation likely using fallback (speedup=0.90x)
]]></system-out>
    <system-err><![CDATA[Jun 01, 2025 10:06:26 PM com.fft.factory.FFTImplementationDiscovery registerDiscoveredImplementations
INFO: Auto-registration completed for 13 implementations
]]></system-err>
  </testcase>
  <testcase name="shouldBenchmarkFFTOptimized64Performance" classname="com.fft.optimized.FFTPerformanceBenchmarkTest$IndividualBenchmarks" time="0.011">
    <system-out><![CDATA[
FFT Size 64 Performance Results:
  Base Implementation:      7,838 ns
  Optimized Implementation: 7,232 ns
  Speedup:                  1.08x
  Efficiency:               7.7%
  Note: Implementation likely using fallback (speedup=1.08x)
]]></system-out>
    <system-err><![CDATA[Jun 01, 2025 10:06:26 PM com.fft.factory.FFTImplementationDiscovery registerDiscoveredImplementations
INFO: Auto-registration completed for 13 implementations
]]></system-err>
  </testcase>
  <testcase name="shouldBenchmarkFFTOptimized16384Performance" classname="com.fft.optimized.FFTPerformanceBenchmarkTest$IndividualBenchmarks" time="5.516">
    <system-out><![CDATA[
FFT Size 16384 Performance Results:
  Base Implementation:      4,978,679 ns
  Optimized Implementation: 5,044,997 ns
  Speedup:                  0.99x
  Efficiency:               -1.3%
  Note: Implementation likely using fallback (speedup=0.99x)
]]></system-out>
    <system-err><![CDATA[Jun 01, 2025 10:06:26 PM com.fft.factory.FFTImplementationDiscovery registerDiscoveredImplementations
INFO: Auto-registration completed for 13 implementations
]]></system-err>
  </testcase>
  <testcase name="shouldBenchmarkFFTOptimized8Performance" classname="com.fft.optimized.FFTPerformanceBenchmarkTest$IndividualBenchmarks" time="0.004">
    <system-out><![CDATA[
FFT Size 8 Performance Results:
  Base Implementation:      441 ns
  Optimized Implementation: 140 ns
  Speedup:                  3.16x
  Efficiency:               68.4%
]]></system-out>
    <system-err><![CDATA[Jun 01, 2025 10:06:32 PM com.fft.factory.FFTImplementationDiscovery registerDiscoveredImplementations
INFO: Auto-registration completed for 13 implementations
]]></system-err>
  </testcase>
  <testcase name="shouldBenchmarkFFTOptimized32Performance" classname="com.fft.optimized.FFTPerformanceBenchmarkTest$IndividualBenchmarks" time="0.008">
    <system-out><![CDATA[
FFT Size 32 Performance Results:
  Base Implementation:      2,860 ns
  Optimized Implementation: 4,424 ns
  Speedup:                  0.65x
  Efficiency:               -54.7%
  Note: Implementation likely using fallback (speedup=0.65x)
]]></system-out>
    <system-err><![CDATA[Jun 01, 2025 10:06:32 PM com.fft.factory.FFTImplementationDiscovery registerDiscoveredImplementations
INFO: Auto-registration completed for 13 implementations
]]></system-err>
  </testcase>
  <testcase name="shouldBenchmarkFFTOptimized512Performance" classname="com.fft.optimized.FFTPerformanceBenchmarkTest$IndividualBenchmarks" time="0.112">
    <system-out><![CDATA[
FFT Size 512 Performance Results:
  Base Implementation:      89,946 ns
  Optimized Implementation: 106,262 ns
  Speedup:                  0.85x
  Efficiency:               -18.1%
  Note: Implementation likely using fallback (speedup=0.85x)
]]></system-out>
    <system-err><![CDATA[Jun 01, 2025 10:06:32 PM com.fft.factory.FFTImplementationDiscovery registerDiscoveredImplementations
INFO: Auto-registration completed for 13 implementations
]]></system-err>
  </testcase>
  <testcase name="shouldBenchmarkFFTOptimized2048Performance" classname="com.fft.optimized.FFTPerformanceBenchmarkTest$IndividualBenchmarks" time="0.527">
    <system-out><![CDATA[
FFT Size 2048 Performance Results:
  Base Implementation:      464,694 ns
  Optimized Implementation: 489,720 ns
  Speedup:                  0.95x
  Efficiency:               -5.4%
  Note: Implementation likely using fallback (speedup=0.95x)
]]></system-out>
    <system-err><![CDATA[Jun 01, 2025 10:06:32 PM com.fft.factory.FFTImplementationDiscovery registerDiscoveredImplementations
INFO: Auto-registration completed for 13 implementations
]]></system-err>
  </testcase>
  <testcase name="shouldBenchmarkFFTOptimized32768Performance" classname="com.fft.optimized.FFTPerformanceBenchmarkTest$IndividualBenchmarks" time="13.159">
    <system-out><![CDATA[
FFT Size 32768 Performance Results:
  Base Implementation:      10,821,070 ns
  Optimized Implementation: 13,087,123 ns
  Speedup:                  0.83x
  Efficiency:               -20.9%
  Note: Implementation likely using fallback (speedup=0.83x)
]]></system-out>
    <system-err><![CDATA[Jun 01, 2025 10:06:32 PM com.fft.factory.FFTImplementationDiscovery registerDiscoveredImplementations
INFO: Auto-registration completed for 13 implementations
]]></system-err>
  </testcase>
  <testcase name="shouldBenchmarkFFTOptimized65536Performance" classname="com.fft.optimized.FFTPerformanceBenchmarkTest$IndividualBenchmarks" time="32.73">
    <system-out><![CDATA[
FFT Size 65536 Performance Results:
  Base Implementation:      23,829,095 ns
  Optimized Implementation: 35,682,768 ns
  Speedup:                  0.67x
  Efficiency:               -49.7%
  Note: Implementation likely using fallback (speedup=0.67x)
]]></system-out>
    <system-err><![CDATA[Jun 01, 2025 10:06:46 PM com.fft.factory.FFTImplementationDiscovery registerDiscoveredImplementations
INFO: Auto-registration completed for 13 implementations
]]></system-err>
  </testcase>
</testsuite>