<?xml version="1.0" encoding="UTF-8"?>
<testsuite xmlns:xsi="http://www.w3.org/2001/XMLSchema-instance" xsi:noNamespaceSchemaLocation="https://maven.apache.org/surefire/maven-surefire-plugin/xsd/surefire-test-report-3.0.xsd" version="3.0" name="com.fft.optimized.FFTPerformanceBenchmarkTest$ComprehensiveAnalysis" time="56.55" tests="2" errors="0" skipped="0" failures="0">
  <properties>
    <property name="java.specification.version" value="17"/>
    <property name="sun.jnu.encoding" value="UTF-8"/>
    <property name="java.class.path" value="/home/engine/project/target/test-classes:/home/engine/project/target/classes:/home/engine/.m2/repository/org/junit/jupiter/junit-jupiter/5.9.2/junit-jupiter-5.9.2.jar:/home/engine/.m2/repository/org/junit/jupiter/junit-jupiter-api/5.9.2/junit-jupiter-api-5.9.2.jar:/home/engine/.m2/repository/org/opentest4j/opentest4j/1.2.0/opentest4j-1.2.0.jar:/home/engine/.m2/repository/org/junit/platform/junit-platform-commons/1.9.2/junit-platform-commons-1.9.2.jar:/home/engine/.m2/repository/org/apiguardian/apiguardian-api/1.1.2/apiguardian-api-1.1.2.jar:/home/engine/.m2/repository/org/junit/jupiter/junit-jupiter-params/5.9.2/junit-jupiter-params-5.9.2.jar:/home/engine/.m2/repository/org/junit/jupiter/junit-jupiter-engine/5.9.2/junit-jupiter-engine-5.9.2.jar:/home/engine/.m2/repository/org/junit/platform/junit-platform-engine/1.9.2/junit-platform-engine-1.9.2.jar:/home/engine/.m2/repository/org/assertj/assertj-core/3.24.2/assertj-core-3.24.2.jar:/home/engine/.m2/repository/net/bytebuddy/byte-buddy/1.12.21/byte-buddy-1.12.21.jar:/home/engine/.m2/repository/org/mockito/mockito-core/5.1.1/mockito-core-5.1.1.jar:/home/engine/.m2/repository/net/bytebuddy/byte-buddy-agent/1.12.22/byte-buddy-agent-1.12.22.jar:/home/engine/.m2/repository/org/objenesis/objenesis/3.3/objenesis-3.3.jar:/home/engine/.m2/repository/org/mockito/mockito-junit-jupiter/5.1.1/mockito-junit-jupiter-5.1.1.jar:"/>
    <property name="java.vm.vendor" value="Ubuntu"/>
    <property name="sun.arch.data.model" value="64"/>
    <property name="java.vendor.url" value="https://ubuntu.com/"/>
    <property name="user.timezone" value="Etc/UTC"/>
    <property name="os.name" value="Linux"/>
    <property name="java.vm.specification.version" value="17"/>
    <property name="sun.java.launcher" value="SUN_STANDARD"/>
    <property name="sun.boot.library.path" value="/usr/lib/jvm/java-17-openjdk-amd64/lib"/>
    <property name="sun.java.command" value="/home/engine/project/target/surefire/surefirebooter-20250531194110908_3.jar /home/engine/project/target/surefire 2025-05-31T19-41-10_676-jvmRun1 surefire-20250531194110908_1tmp surefire_0-20250531194110908_2tmp"/>
    <property name="jdk.debug" value="release"/>
    <property name="surefire.test.class.path" value="/home/engine/project/target/test-classes:/home/engine/project/target/classes:/home/engine/.m2/repository/org/junit/jupiter/junit-jupiter/5.9.2/junit-jupiter-5.9.2.jar:/home/engine/.m2/repository/org/junit/jupiter/junit-jupiter-api/5.9.2/junit-jupiter-api-5.9.2.jar:/home/engine/.m2/repository/org/opentest4j/opentest4j/1.2.0/opentest4j-1.2.0.jar:/home/engine/.m2/repository/org/junit/platform/junit-platform-commons/1.9.2/junit-platform-commons-1.9.2.jar:/home/engine/.m2/repository/org/apiguardian/apiguardian-api/1.1.2/apiguardian-api-1.1.2.jar:/home/engine/.m2/repository/org/junit/jupiter/junit-jupiter-params/5.9.2/junit-jupiter-params-5.9.2.jar:/home/engine/.m2/repository/org/junit/jupiter/junit-jupiter-engine/5.9.2/junit-jupiter-engine-5.9.2.jar:/home/engine/.m2/repository/org/junit/platform/junit-platform-engine/1.9.2/junit-platform-engine-1.9.2.jar:/home/engine/.m2/repository/org/assertj/assertj-core/3.24.2/assertj-core-3.24.2.jar:/home/engine/.m2/repository/net/bytebuddy/byte-buddy/1.12.21/byte-buddy-1.12.21.jar:/home/engine/.m2/repository/org/mockito/mockito-core/5.1.1/mockito-core-5.1.1.jar:/home/engine/.m2/repository/net/bytebuddy/byte-buddy-agent/1.12.22/byte-buddy-agent-1.12.22.jar:/home/engine/.m2/repository/org/objenesis/objenesis/3.3/objenesis-3.3.jar:/home/engine/.m2/repository/org/mockito/mockito-junit-jupiter/5.1.1/mockito-junit-jupiter-5.1.1.jar:"/>
    <property name="sun.cpu.endian" value="little"/>
    <property name="user.home" value="/home/engine"/>
    <property name="user.language" value="en"/>
    <property name="java.specification.vendor" value="Oracle Corporation"/>
    <property name="java.version.date" value="2025-04-15"/>
    <property name="java.home" value="/usr/lib/jvm/java-17-openjdk-amd64"/>
    <property name="file.separator" value="/"/>
    <property name="basedir" value="/home/engine/project"/>
    <property name="java.vm.compressedOopsMode" value="32-bit"/>
    <property name="line.separator" value="&#10;"/>
    <property name="java.vm.specification.vendor" value="Oracle Corporation"/>
    <property name="java.specification.name" value="Java Platform API Specification"/>
    <property name="surefire.real.class.path" value="/home/engine/project/target/surefire/surefirebooter-20250531194110908_3.jar"/>
    <property name="sun.management.compiler" value="HotSpot 64-Bit Tiered Compilers"/>
    <property name="java.runtime.version" value="17.0.15+6-Ubuntu-0ubuntu124.04"/>
    <property name="user.name" value="engine"/>
    <property name="path.separator" value=":"/>
    <property name="os.version" value="5.10.223"/>
    <property name="java.runtime.name" value="OpenJDK Runtime Environment"/>
    <property name="file.encoding" value="UTF-8"/>
    <property name="java.vm.name" value="OpenJDK 64-Bit Server VM"/>
    <property name="localRepository" value="/home/engine/.m2/repository"/>
    <property name="java.vendor.url.bug" value="https://bugs.launchpad.net/ubuntu/+source/openjdk-17"/>
    <property name="java.io.tmpdir" value="/tmp"/>
    <property name="java.version" value="17.0.15"/>
    <property name="user.dir" value="/home/engine/project"/>
    <property name="os.arch" value="amd64"/>
    <property name="java.vm.specification.name" value="Java Virtual Machine Specification"/>
    <property name="native.encoding" value="UTF-8"/>
    <property name="java.library.path" value="/usr/java/packages/lib:/usr/lib/x86_64-linux-gnu/jni:/lib/x86_64-linux-gnu:/usr/lib/x86_64-linux-gnu:/usr/lib/jni:/lib:/usr/lib"/>
    <property name="java.vm.info" value="mixed mode, sharing"/>
    <property name="java.vendor" value="Ubuntu"/>
    <property name="java.vm.version" value="17.0.15+6-Ubuntu-0ubuntu124.04"/>
    <property name="java.specification.maintenance.version" value="1"/>
    <property name="sun.io.unicode.encoding" value="UnicodeLittle"/>
    <property name="java.class.version" value="61.0"/>
  </properties>
  <testcase name="shouldVerifyCorrectnessOfAllOptimizedImplementations" classname="com.fft.optimized.FFTPerformanceBenchmarkTest$ComprehensiveAnalysis" time="0.078">
    <system-out><![CDATA[
============================================================
FFT CORRECTNESS VERIFICATION
============================================================
Size     8: ✓ PASS
Size    32: ✓ PASS
Size    64: ✓ PASS
Size   128: ✓ PASS
Size   256: ✓ PASS
Size   512: ✓ PASS
Size  1024: ✓ PASS
Size  2048: ✓ PASS
Size  4096: ✓ PASS
Size  8192: ✓ PASS
------------------------------------------------------------
SUMMARY: 10/10 tests passed (100.0%)
============================================================

]]></system-out>
    <system-err><![CDATA[May 31, 2025 7:41:13 PM com.fft.factory.FFTImplementationDiscovery registerDiscoveredImplementations
INFO: Auto-registration completed for 13 implementations
]]></system-err>
  </testcase>
  <testcase name="shouldDemonstratePerformanceScaling" classname="com.fft.optimized.FFTPerformanceBenchmarkTest$ComprehensiveAnalysis" time="56.469">
    <system-out><![CDATA[
================================================================================
FFT PERFORMANCE SCALING ANALYSIS
================================================================================
Size     Base (ns)       Optimized (ns)  Speedup    Efficiency   Status  
--------------------------------------------------------------------------------
8        479             2874            0.17      x -499.6      % ✗ SLOW  
32       3155            23421           0.13      x -642.4      % ✗ SLOW  
64       8711            23414           0.37      x -168.8      % ✗ SLOW  
128      17569           45909           0.38      x -161.3      % ✗ SLOW  
256      41688           60605           0.69      x -45.4       % ✗ SLOW  
512      106991          109041          0.98      x -1.9        % ✗ SLOW  
1024     209745          225094          0.93      x -7.3        % ✗ SLOW  
2048     475061          493649          0.96      x -3.9        % ✗ SLOW  
4096     1057246         1105548         0.96      x -4.6        % ✗ SLOW  
8192     2291604         2377303         0.96      x -3.7        % ✗ SLOW  
16384    5008200         5101911         0.98      x -1.9        % ✗ SLOW  
32768    10922945        13238258        0.83      x -21.2       % ✗ SLOW  
65536    24026991        35603376        0.67      x -48.2       % ✗ SLOW  
--------------------------------------------------------------------------------
SUMMARY: Avg=0.69x, Min=0.13x, Max=0.98x, Implementations=13
================================================================================

]]></system-out>
    <system-err><![CDATA[May 31, 2025 7:41:13 PM com.fft.factory.FFTImplementationDiscovery registerDiscoveredImplementations
INFO: Auto-registration completed for 13 implementations
]]></system-err>
  </testcase>
</testsuite>