<?xml version="1.0" encoding="UTF-8"?>
<testsuite xmlns:xsi="http://www.w3.org/2001/XMLSchema-instance" xsi:noNamespaceSchemaLocation="https://maven.apache.org/surefire/maven-surefire-plugin/xsd/surefire-test-report-3.0.xsd" version="3.0" name="com.fft.optimized.FFTPerformanceBenchmarkTest$IndividualBenchmarks" time="56.456" tests="13" errors="0" skipped="0" failures="0">
  <properties>
    <property name="java.specification.version" value="17"/>
    <property name="sun.jnu.encoding" value="UTF-8"/>
    <property name="java.class.path" value="/home/engine/project/target/test-classes:/home/engine/project/target/classes:/home/engine/.m2/repository/org/junit/jupiter/junit-jupiter/5.9.2/junit-jupiter-5.9.2.jar:/home/engine/.m2/repository/org/junit/jupiter/junit-jupiter-api/5.9.2/junit-jupiter-api-5.9.2.jar:/home/engine/.m2/repository/org/opentest4j/opentest4j/1.2.0/opentest4j-1.2.0.jar:/home/engine/.m2/repository/org/junit/platform/junit-platform-commons/1.9.2/junit-platform-commons-1.9.2.jar:/home/engine/.m2/repository/org/apiguardian/apiguardian-api/1.1.2/apiguardian-api-1.1.2.jar:/home/engine/.m2/repository/org/junit/jupiter/junit-jupiter-params/5.9.2/junit-jupiter-params-5.9.2.jar:/home/engine/.m2/repository/org/junit/jupiter/junit-jupiter-engine/5.9.2/junit-jupiter-engine-5.9.2.jar:/home/engine/.m2/repository/org/junit/platform/junit-platform-engine/1.9.2/junit-platform-engine-1.9.2.jar:/home/engine/.m2/repository/org/assertj/assertj-core/3.24.2/assertj-core-3.24.2.jar:/home/engine/.m2/repository/net/bytebuddy/byte-buddy/1.12.21/byte-buddy-1.12.21.jar:/home/engine/.m2/repository/org/mockito/mockito-core/5.1.1/mockito-core-5.1.1.jar:/home/engine/.m2/repository/net/bytebuddy/byte-buddy-agent/1.12.22/byte-buddy-agent-1.12.22.jar:/home/engine/.m2/repository/org/objenesis/objenesis/3.3/objenesis-3.3.jar:/home/engine/.m2/repository/org/mockito/mockito-junit-jupiter/5.1.1/mockito-junit-jupiter-5.1.1.jar:"/>
    <property name="java.vm.vendor" value="Ubuntu"/>
    <property name="sun.arch.data.model" value="64"/>
    <property name="java.vendor.url" value="https://ubuntu.com/"/>
    <property name="user.timezone" value="Etc/UTC"/>
    <property name="os.name" value="Linux"/>
    <property name="java.vm.specification.version" value="17"/>
    <property name="sun.java.launcher" value="SUN_STANDARD"/>
    <property name="sun.boot.library.path" value="/usr/lib/jvm/java-17-openjdk-amd64/lib"/>
    <property name="sun.java.command" value="/home/engine/project/target/surefire/surefirebooter-20250601173106432_3.jar /home/engine/project/target/surefire 2025-06-01T17-31-06_262-jvmRun1 surefire-20250601173106432_1tmp surefire_0-20250601173106432_2tmp"/>
    <property name="jdk.debug" value="release"/>
    <property name="surefire.test.class.path" value="/home/engine/project/target/test-classes:/home/engine/project/target/classes:/home/engine/.m2/repository/org/junit/jupiter/junit-jupiter/5.9.2/junit-jupiter-5.9.2.jar:/home/engine/.m2/repository/org/junit/jupiter/junit-jupiter-api/5.9.2/junit-jupiter-api-5.9.2.jar:/home/engine/.m2/repository/org/opentest4j/opentest4j/1.2.0/opentest4j-1.2.0.jar:/home/engine/.m2/repository/org/junit/platform/junit-platform-commons/1.9.2/junit-platform-commons-1.9.2.jar:/home/engine/.m2/repository/org/apiguardian/apiguardian-api/1.1.2/apiguardian-api-1.1.2.jar:/home/engine/.m2/repository/org/junit/jupiter/junit-jupiter-params/5.9.2/junit-jupiter-params-5.9.2.jar:/home/engine/.m2/repository/org/junit/jupiter/junit-jupiter-engine/5.9.2/junit-jupiter-engine-5.9.2.jar:/home/engine/.m2/repository/org/junit/platform/junit-platform-engine/1.9.2/junit-platform-engine-1.9.2.jar:/home/engine/.m2/repository/org/assertj/assertj-core/3.24.2/assertj-core-3.24.2.jar:/home/engine/.m2/repository/net/bytebuddy/byte-buddy/1.12.21/byte-buddy-1.12.21.jar:/home/engine/.m2/repository/org/mockito/mockito-core/5.1.1/mockito-core-5.1.1.jar:/home/engine/.m2/repository/net/bytebuddy/byte-buddy-agent/1.12.22/byte-buddy-agent-1.12.22.jar:/home/engine/.m2/repository/org/objenesis/objenesis/3.3/objenesis-3.3.jar:/home/engine/.m2/repository/org/mockito/mockito-junit-jupiter/5.1.1/mockito-junit-jupiter-5.1.1.jar:"/>
    <property name="sun.cpu.endian" value="little"/>
    <property name="user.home" value="/home/engine"/>
    <property name="user.language" value="en"/>
    <property name="java.specification.vendor" value="Oracle Corporation"/>
    <property name="java.version.date" value="2025-04-15"/>
    <property name="java.home" value="/usr/lib/jvm/java-17-openjdk-amd64"/>
    <property name="file.separator" value="/"/>
    <property name="basedir" value="/home/engine/project"/>
    <property name="java.vm.compressedOopsMode" value="32-bit"/>
    <property name="line.separator" value="&#10;"/>
    <property name="java.vm.specification.vendor" value="Oracle Corporation"/>
    <property name="java.specification.name" value="Java Platform API Specification"/>
    <property name="surefire.real.class.path" value="/home/engine/project/target/surefire/surefirebooter-20250601173106432_3.jar"/>
    <property name="sun.management.compiler" value="HotSpot 64-Bit Tiered Compilers"/>
    <property name="java.runtime.version" value="17.0.15+6-Ubuntu-0ubuntu124.04"/>
    <property name="user.name" value="engine"/>
    <property name="path.separator" value=":"/>
    <property name="os.version" value="5.10.223"/>
    <property name="java.runtime.name" value="OpenJDK Runtime Environment"/>
    <property name="file.encoding" value="UTF-8"/>
    <property name="java.vm.name" value="OpenJDK 64-Bit Server VM"/>
    <property name="localRepository" value="/home/engine/.m2/repository"/>
    <property name="java.vendor.url.bug" value="https://bugs.launchpad.net/ubuntu/+source/openjdk-17"/>
    <property name="java.io.tmpdir" value="/tmp"/>
    <property name="java.version" value="17.0.15"/>
    <property name="user.dir" value="/home/engine/project"/>
    <property name="os.arch" value="amd64"/>
    <property name="java.vm.specification.name" value="Java Virtual Machine Specification"/>
    <property name="native.encoding" value="UTF-8"/>
    <property name="java.library.path" value="/usr/java/packages/lib:/usr/lib/x86_64-linux-gnu/jni:/lib/x86_64-linux-gnu:/usr/lib/x86_64-linux-gnu:/usr/lib/jni:/lib:/usr/lib"/>
    <property name="java.vm.info" value="mixed mode, sharing"/>
    <property name="java.vendor" value="Ubuntu"/>
    <property name="java.vm.version" value="17.0.15+6-Ubuntu-0ubuntu124.04"/>
    <property name="java.specification.maintenance.version" value="1"/>
    <property name="sun.io.unicode.encoding" value="UnicodeLittle"/>
    <property name="java.class.version" value="61.0"/>
  </properties>
  <testcase name="shouldBenchmarkFFTOptimized256Performance" classname="com.fft.optimized.FFTPerformanceBenchmarkTest$IndividualBenchmarks" time="0.059">
    <system-out><![CDATA[
FFT Size 256 Performance Results:
  Base Implementation:      45,306 ns
  Optimized Implementation: 57,390 ns
  Speedup:                  0.79x
  Efficiency:               -26.7%
  Note: Implementation likely using fallback (speedup=0.79x)
]]></system-out>
    <system-err><![CDATA[Jun 01, 2025 5:32:06 PM com.fft.factory.FFTImplementationDiscovery registerDiscoveredImplementations
INFO: Auto-registration completed for 13 implementations
]]></system-err>
  </testcase>
  <testcase name="shouldBenchmarkFFTOptimized4096Performance" classname="com.fft.optimized.FFTPerformanceBenchmarkTest$IndividualBenchmarks" time="1.193">
    <system-out><![CDATA[
FFT Size 4096 Performance Results:
  Base Implementation:      1,065,179 ns
  Optimized Implementation: 1,096,370 ns
  Speedup:                  0.97x
  Efficiency:               -2.9%
  Note: Implementation likely using fallback (speedup=0.97x)
]]></system-out>
    <system-err><![CDATA[Jun 01, 2025 5:32:06 PM com.fft.factory.FFTImplementationDiscovery registerDiscoveredImplementations
INFO: Auto-registration completed for 13 implementations
]]></system-err>
  </testcase>
  <testcase name="shouldBenchmarkFFTOptimized8192Performance" classname="com.fft.optimized.FFTPerformanceBenchmarkTest$IndividualBenchmarks" time="2.566">
    <system-out><![CDATA[
FFT Size 8192 Performance Results:
  Base Implementation:      2,290,565 ns
  Optimized Implementation: 2,366,322 ns
  Speedup:                  0.97x
  Efficiency:               -3.3%
  Note: Implementation likely using fallback (speedup=0.97x)
]]></system-out>
    <system-err><![CDATA[Jun 01, 2025 5:32:07 PM com.fft.factory.FFTImplementationDiscovery registerDiscoveredImplementations
INFO: Auto-registration completed for 13 implementations
]]></system-err>
  </testcase>
  <testcase name="shouldBenchmarkFFTOptimized128Performance" classname="com.fft.optimized.FFTPerformanceBenchmarkTest$IndividualBenchmarks" time="0.031">
    <system-out><![CDATA[
FFT Size 128 Performance Results:
  Base Implementation:      17,429 ns
  Optimized Implementation: 32,630 ns
  Speedup:                  0.53x
  Efficiency:               -87.2%
  Note: Implementation likely using fallback (speedup=0.53x)
]]></system-out>
    <system-err><![CDATA[Jun 01, 2025 5:32:09 PM com.fft.factory.FFTImplementationDiscovery registerDiscoveredImplementations
INFO: Auto-registration completed for 13 implementations
]]></system-err>
  </testcase>
  <testcase name="shouldBenchmarkFFTOptimized1024Performance" classname="com.fft.optimized.FFTPerformanceBenchmarkTest$IndividualBenchmarks" time="0.239">
    <system-out><![CDATA[
FFT Size 1024 Performance Results:
  Base Implementation:      206,982 ns
  Optimized Implementation: 224,123 ns
  Speedup:                  0.92x
  Efficiency:               -8.3%
  Note: Implementation likely using fallback (speedup=0.92x)
]]></system-out>
    <system-err><![CDATA[Jun 01, 2025 5:32:09 PM com.fft.factory.FFTImplementationDiscovery registerDiscoveredImplementations
INFO: Auto-registration completed for 13 implementations
]]></system-err>
  </testcase>
  <testcase name="shouldBenchmarkFFTOptimized64Performance" classname="com.fft.optimized.FFTPerformanceBenchmarkTest$IndividualBenchmarks" time="0.018">
    <system-out><![CDATA[
FFT Size 64 Performance Results:
  Base Implementation:      7,516 ns
  Optimized Implementation: 22,964 ns
  Speedup:                  0.33x
  Efficiency:               -205.5%
  Note: Implementation likely using fallback (speedup=0.33x)
]]></system-out>
    <system-err><![CDATA[Jun 01, 2025 5:32:10 PM com.fft.factory.FFTImplementationDiscovery registerDiscoveredImplementations
INFO: Auto-registration completed for 13 implementations
]]></system-err>
  </testcase>
  <testcase name="shouldBenchmarkFFTOptimized16384Performance" classname="com.fft.optimized.FFTPerformanceBenchmarkTest$IndividualBenchmarks" time="5.561">
    <system-out><![CDATA[
FFT Size 16384 Performance Results:
  Base Implementation:      4,996,463 ns
  Optimized Implementation: 5,104,657 ns
  Speedup:                  0.98x
  Efficiency:               -2.2%
  Note: Implementation likely using fallback (speedup=0.98x)
]]></system-out>
    <system-err><![CDATA[Jun 01, 2025 5:32:10 PM com.fft.factory.FFTImplementationDiscovery registerDiscoveredImplementations
INFO: Auto-registration completed for 13 implementations
]]></system-err>
  </testcase>
  <testcase name="shouldBenchmarkFFTOptimized8Performance" classname="com.fft.optimized.FFTPerformanceBenchmarkTest$IndividualBenchmarks" time="0.002">
    <system-out><![CDATA[
FFT Size 8 Performance Results:
  Base Implementation:      459 ns
  Optimized Implementation: 151 ns
  Speedup:                  3.04x
  Efficiency:               67.1%
]]></system-out>
    <system-err><![CDATA[Jun 01, 2025 5:32:15 PM com.fft.factory.FFTImplementationDiscovery registerDiscoveredImplementations
INFO: Auto-registration completed for 13 implementations
]]></system-err>
  </testcase>
  <testcase name="shouldBenchmarkFFTOptimized32Performance" classname="com.fft.optimized.FFTPerformanceBenchmarkTest$IndividualBenchmarks" time="0.015">
    <system-out><![CDATA[
FFT Size 32 Performance Results:
  Base Implementation:      2,899 ns
  Optimized Implementation: 22,069 ns
  Speedup:                  0.13x
  Efficiency:               -661.2%
  Note: Implementation likely using fallback (speedup=0.13x)
]]></system-out>
    <system-err><![CDATA[Jun 01, 2025 5:32:15 PM com.fft.factory.FFTImplementationDiscovery registerDiscoveredImplementations
INFO: Auto-registration completed for 13 implementations
]]></system-err>
  </testcase>
  <testcase name="shouldBenchmarkFFTOptimized512Performance" classname="com.fft.optimized.FFTPerformanceBenchmarkTest$IndividualBenchmarks" time="0.113">
    <system-out><![CDATA[
FFT Size 512 Performance Results:
  Base Implementation:      92,328 ns
  Optimized Implementation: 109,207 ns
  Speedup:                  0.85x
  Efficiency:               -18.3%
  Note: Implementation likely using fallback (speedup=0.85x)
]]></system-out>
    <system-err><![CDATA[Jun 01, 2025 5:32:15 PM com.fft.factory.FFTImplementationDiscovery registerDiscoveredImplementations
INFO: Auto-registration completed for 13 implementations
]]></system-err>
  </testcase>
  <testcase name="shouldBenchmarkFFTOptimized2048Performance" classname="com.fft.optimized.FFTPerformanceBenchmarkTest$IndividualBenchmarks" time="0.532">
    <system-out><![CDATA[
FFT Size 2048 Performance Results:
  Base Implementation:      471,326 ns
  Optimized Implementation: 493,287 ns
  Speedup:                  0.96x
  Efficiency:               -4.7%
  Note: Implementation likely using fallback (speedup=0.96x)
]]></system-out>
    <system-err><![CDATA[Jun 01, 2025 5:32:15 PM com.fft.factory.FFTImplementationDiscovery registerDiscoveredImplementations
INFO: Auto-registration completed for 13 implementations
]]></system-err>
  </testcase>
  <testcase name="shouldBenchmarkFFTOptimized32768Performance" classname="com.fft.optimized.FFTPerformanceBenchmarkTest$IndividualBenchmarks" time="13.241">
    <system-out><![CDATA[
FFT Size 32768 Performance Results:
  Base Implementation:      10,851,052 ns
  Optimized Implementation: 13,206,267 ns
  Speedup:                  0.82x
  Efficiency:               -21.7%
  Note: Implementation likely using fallback (speedup=0.82x)
]]></system-out>
    <system-err><![CDATA[Jun 01, 2025 5:32:16 PM com.fft.factory.FFTImplementationDiscovery registerDiscoveredImplementations
INFO: Auto-registration completed for 13 implementations
]]></system-err>
  </testcase>
  <testcase name="shouldBenchmarkFFTOptimized65536Performance" classname="com.fft.optimized.FFTPerformanceBenchmarkTest$IndividualBenchmarks" time="32.879">
    <system-out><![CDATA[
FFT Size 65536 Performance Results:
  Base Implementation:      24,070,467 ns
  Optimized Implementation: 35,693,611 ns
  Speedup:                  0.67x
  Efficiency:               -48.3%
  Note: Implementation likely using fallback (speedup=0.67x)
]]></system-out>
    <system-err><![CDATA[Jun 01, 2025 5:32:29 PM com.fft.factory.FFTImplementationDiscovery registerDiscoveredImplementations
INFO: Auto-registration completed for 13 implementations
]]></system-err>
  </testcase>
</testsuite>